{"C:\\Users\\Admin\\Documents\\GitHub\\icuc-law-backend\\app.js": {"path":"C:\\Users\\Admin\\Documents\\GitHub\\icuc-law-backend\\app.js","statementMap":{"0":{"start":{"line":1,"column":22},"end":{"line":1,"column":40}},"1":{"start":{"line":2,"column":22},"end":{"line":2,"column":44}},"2":{"start":{"line":3,"column":22},"end":{"line":3,"column":41}},"3":{"start":{"line":4,"column":22},"end":{"line":4,"column":37}},"4":{"start":{"line":5,"column":22},"end":{"line":5,"column":46}},"5":{"start":{"line":6,"column":20},"end":{"line":6,"column":37}},"6":{"start":{"line":8,"column":22},"end":{"line":8,"column":50}},"7":{"start":{"line":9,"column":22},"end":{"line":9,"column":53}},"8":{"start":{"line":12,"column":11},"end":{"line":12,"column":32}},"9":{"start":{"line":14,"column":0},"end":{"line":14,"column":34}},"10":{"start":{"line":16,"column":12},"end":{"line":16,"column":21}},"11":{"start":{"line":18,"column":0},"end":{"line":18,"column":15}},"12":{"start":{"line":20,"column":0},"end":{"line":20,"column":29}},"13":{"start":{"line":22,"column":0},"end":{"line":22,"column":52}},"14":{"start":{"line":23,"column":0},"end":{"line":23,"column":27}},"15":{"start":{"line":24,"column":0},"end":{"line":24,"column":47}},"16":{"start":{"line":26,"column":0},"end":{"line":26,"column":31}},"17":{"start":{"line":29,"column":0},"end":{"line":29,"column":33}},"18":{"start":{"line":30,"column":0},"end":{"line":30,"column":39}},"19":{"start":{"line":33,"column":0},"end":{"line":35,"column":3}},"20":{"start":{"line":34,"column":4},"end":{"line":34,"column":43}},"21":{"start":{"line":37,"column":0},"end":{"line":37,"column":21}}},"fnMap":{"0":{"name":"(anonymous_0)","decl":{"start":{"line":33,"column":8},"end":{"line":33,"column":9}},"loc":{"start":{"line":33,"column":33},"end":{"line":35,"column":1}},"line":33}},"branchMap":{},"s":{"0":1,"1":1,"2":1,"3":1,"4":1,"5":1,"6":1,"7":1,"8":1,"9":1,"10":1,"11":1,"12":1,"13":1,"14":1,"15":1,"16":1,"17":1,"18":1,"19":1,"20":0,"21":1},"f":{"0":0},"b":{},"_coverageSchema":"1a1c01bbd47fc00a2c39e90264f33305004495a9","hash":"984071185c75e07e02bc9fe53af36273167f3605"}
,"C:\\Users\\Admin\\Documents\\GitHub\\icuc-law-backend\\models\\auth-model.js": {"path":"C:\\Users\\Admin\\Documents\\GitHub\\icuc-law-backend\\models\\auth-model.js","statementMap":{"0":{"start":{"line":1,"column":17},"end":{"line":1,"column":36}},"1":{"start":{"line":2,"column":17},"end":{"line":2,"column":32}},"2":{"start":{"line":4,"column":19},"end":{"line":17,"column":2}},"3":{"start":{"line":19,"column":0},"end":{"line":19,"column":60}}},"fnMap":{},"branchMap":{},"s":{"0":1,"1":1,"2":1,"3":1},"f":{},"b":{},"_coverageSchema":"1a1c01bbd47fc00a2c39e90264f33305004495a9","hash":"e0bc498b148476aadfd74b07217a8494d66f05f2"}
,"C:\\Users\\Admin\\Documents\\GitHub\\icuc-law-backend\\models\\clients-model.js": {"path":"C:\\Users\\Admin\\Documents\\GitHub\\icuc-law-backend\\models\\clients-model.js","statementMap":{"0":{"start":{"line":1,"column":17},"end":{"line":1,"column":36}},"1":{"start":{"line":2,"column":17},"end":{"line":2,"column":32}},"2":{"start":{"line":4,"column":22},"end":{"line":48,"column":2}},"3":{"start":{"line":50,"column":0},"end":{"line":50,"column":68}}},"fnMap":{},"branchMap":{},"s":{"0":1,"1":1,"2":1,"3":1},"f":{},"b":{},"_coverageSchema":"1a1c01bbd47fc00a2c39e90264f33305004495a9","hash":"2d00b5c5ca803722108f972da2b5e9bd879c619b"}
,"C:\\Users\\Admin\\Documents\\GitHub\\icuc-law-backend\\utils\\db.js": {"path":"C:\\Users\\Admin\\Documents\\GitHub\\icuc-law-backend\\utils\\db.js","statementMap":{"0":{"start":{"line":1,"column":17},"end":{"line":1,"column":36}},"1":{"start":{"line":2,"column":6},"end":{"line":2,"column":35}},"2":{"start":{"line":4,"column":18},"end":{"line":4,"column":48}},"3":{"start":{"line":5,"column":18},"end":{"line":5,"column":41}},"4":{"start":{"line":7,"column":11},"end":{"line":7,"column":31}},"5":{"start":{"line":9,"column":21},"end":{"line":23,"column":1}},"6":{"start":{"line":10,"column":4},"end":{"line":22,"column":5}},"7":{"start":{"line":11,"column":8},"end":{"line":18,"column":11}},"8":{"start":{"line":12,"column":12},"end":{"line":17,"column":15}},"9":{"start":{"line":20,"column":8},"end":{"line":20,"column":35}},"10":{"start":{"line":21,"column":8},"end":{"line":21,"column":24}},"11":{"start":{"line":25,"column":18},"end":{"line":37,"column":1}},"12":{"start":{"line":26,"column":4},"end":{"line":36,"column":5}},"13":{"start":{"line":27,"column":8},"end":{"line":32,"column":11}},"14":{"start":{"line":34,"column":8},"end":{"line":34,"column":35}},"15":{"start":{"line":35,"column":8},"end":{"line":35,"column":24}},"16":{"start":{"line":39,"column":21},"end":{"line":49,"column":1}},"17":{"start":{"line":40,"column":4},"end":{"line":48,"column":5}},"18":{"start":{"line":41,"column":8},"end":{"line":44,"column":9}},"19":{"start":{"line":42,"column":12},"end":{"line":42,"column":43}},"20":{"start":{"line":43,"column":12},"end":{"line":43,"column":40}},"21":{"start":{"line":46,"column":8},"end":{"line":46,"column":35}},"22":{"start":{"line":47,"column":8},"end":{"line":47,"column":24}},"23":{"start":{"line":51,"column":0},"end":{"line":51,"column":59}}},"fnMap":{"0":{"name":"(anonymous_0)","decl":{"start":{"line":9,"column":21},"end":{"line":9,"column":22}},"loc":{"start":{"line":9,"column":33},"end":{"line":23,"column":1}},"line":9},"1":{"name":"(anonymous_1)","decl":{"start":{"line":11,"column":40},"end":{"line":11,"column":41}},"loc":{"start":{"line":11,"column":51},"end":{"line":18,"column":9}},"line":11},"2":{"name":"(anonymous_2)","decl":{"start":{"line":25,"column":18},"end":{"line":25,"column":19}},"loc":{"start":{"line":25,"column":30},"end":{"line":37,"column":1}},"line":25},"3":{"name":"(anonymous_3)","decl":{"start":{"line":39,"column":21},"end":{"line":39,"column":22}},"loc":{"start":{"line":39,"column":33},"end":{"line":49,"column":1}},"line":39}},"branchMap":{"0":{"loc":{"start":{"line":41,"column":8},"end":{"line":44,"column":9}},"type":"if","locations":[{"start":{"line":41,"column":8},"end":{"line":44,"column":9}},{"start":{"line":41,"column":8},"end":{"line":44,"column":9}}],"line":41}},"s":{"0":1,"1":1,"2":1,"3":1,"4":1,"5":1,"6":1,"7":1,"8":0,"9":0,"10":0,"11":1,"12":1,"13":1,"14":0,"15":0,"16":1,"17":1,"18":1,"19":1,"20":1,"21":0,"22":0,"23":1},"f":{"0":1,"1":0,"2":1,"3":1},"b":{"0":[1,0]},"_coverageSchema":"1a1c01bbd47fc00a2c39e90264f33305004495a9","hash":"b9bdb2bd5ab085c480dc8954054edcfbe520ea1f"}
}
