{"C:\\Users\\Admin\\Documents\\GitHub\\icuc-law-backend\\app.js": {"path":"C:\\Users\\Admin\\Documents\\GitHub\\icuc-law-backend\\app.js","statementMap":{"0":{"start":{"line":1,"column":22},"end":{"line":1,"column":40}},"1":{"start":{"line":2,"column":22},"end":{"line":2,"column":44}},"2":{"start":{"line":3,"column":22},"end":{"line":3,"column":41}},"3":{"start":{"line":4,"column":22},"end":{"line":4,"column":37}},"4":{"start":{"line":5,"column":22},"end":{"line":5,"column":46}},"5":{"start":{"line":6,"column":20},"end":{"line":6,"column":37}},"6":{"start":{"line":8,"column":22},"end":{"line":8,"column":50}},"7":{"start":{"line":9,"column":22},"end":{"line":9,"column":53}},"8":{"start":{"line":12,"column":11},"end":{"line":12,"column":32}},"9":{"start":{"line":14,"column":0},"end":{"line":14,"column":34}},"10":{"start":{"line":16,"column":12},"end":{"line":16,"column":21}},"11":{"start":{"line":18,"column":0},"end":{"line":18,"column":15}},"12":{"start":{"line":20,"column":0},"end":{"line":20,"column":29}},"13":{"start":{"line":22,"column":0},"end":{"line":22,"column":52}},"14":{"start":{"line":23,"column":0},"end":{"line":23,"column":27}},"15":{"start":{"line":24,"column":0},"end":{"line":24,"column":47}},"16":{"start":{"line":26,"column":0},"end":{"line":26,"column":31}},"17":{"start":{"line":29,"column":0},"end":{"line":29,"column":33}},"18":{"start":{"line":30,"column":0},"end":{"line":30,"column":39}},"19":{"start":{"line":33,"column":0},"end":{"line":35,"column":3}},"20":{"start":{"line":34,"column":4},"end":{"line":34,"column":43}},"21":{"start":{"line":37,"column":0},"end":{"line":37,"column":21}}},"fnMap":{"0":{"name":"(anonymous_0)","decl":{"start":{"line":33,"column":8},"end":{"line":33,"column":9}},"loc":{"start":{"line":33,"column":33},"end":{"line":35,"column":1}},"line":33}},"branchMap":{},"s":{"0":1,"1":1,"2":1,"3":1,"4":1,"5":1,"6":1,"7":1,"8":1,"9":1,"10":1,"11":1,"12":1,"13":1,"14":1,"15":1,"16":1,"17":1,"18":1,"19":1,"20":0,"21":1},"f":{"0":0},"b":{},"_coverageSchema":"1a1c01bbd47fc00a2c39e90264f33305004495a9","hash":"984071185c75e07e02bc9fe53af36273167f3605"}
,"C:\\Users\\Admin\\Documents\\GitHub\\icuc-law-backend\\models\\auth-model.js": {"path":"C:\\Users\\Admin\\Documents\\GitHub\\icuc-law-backend\\models\\auth-model.js","statementMap":{"0":{"start":{"line":1,"column":17},"end":{"line":1,"column":36}},"1":{"start":{"line":2,"column":17},"end":{"line":2,"column":32}},"2":{"start":{"line":4,"column":19},"end":{"line":17,"column":2}},"3":{"start":{"line":19,"column":0},"end":{"line":19,"column":60}}},"fnMap":{},"branchMap":{},"s":{"0":1,"1":1,"2":1,"3":1},"f":{},"b":{},"_coverageSchema":"1a1c01bbd47fc00a2c39e90264f33305004495a9","hash":"e0bc498b148476aadfd74b07217a8494d66f05f2"}
,"C:\\Users\\Admin\\Documents\\GitHub\\icuc-law-backend\\models\\clients-model.js": {"path":"C:\\Users\\Admin\\Documents\\GitHub\\icuc-law-backend\\models\\clients-model.js","statementMap":{"0":{"start":{"line":1,"column":17},"end":{"line":1,"column":36}},"1":{"start":{"line":2,"column":17},"end":{"line":2,"column":32}},"2":{"start":{"line":4,"column":22},"end":{"line":48,"column":2}},"3":{"start":{"line":50,"column":0},"end":{"line":50,"column":68}}},"fnMap":{},"branchMap":{},"s":{"0":1,"1":1,"2":1,"3":1},"f":{},"b":{},"_coverageSchema":"1a1c01bbd47fc00a2c39e90264f33305004495a9","hash":"2d00b5c5ca803722108f972da2b5e9bd879c619b"}
,"C:\\Users\\Admin\\Documents\\GitHub\\icuc-law-backend\\routes\\api\\auth.js": {"path":"C:\\Users\\Admin\\Documents\\GitHub\\icuc-law-backend\\routes\\api\\auth.js","statementMap":{"0":{"start":{"line":1,"column":17},"end":{"line":1,"column":35}},"1":{"start":{"line":2,"column":17},"end":{"line":2,"column":33}},"2":{"start":{"line":3,"column":17},"end":{"line":3,"column":34}},"3":{"start":{"line":4,"column":17},"end":{"line":4,"column":40}},"4":{"start":{"line":5,"column":17},"end":{"line":5,"column":36}},"5":{"start":{"line":6,"column":17},"end":{"line":6,"column":34}},"6":{"start":{"line":8,"column":36},"end":{"line":8,"column":64}},"7":{"start":{"line":10,"column":25},"end":{"line":10,"column":59}},"8":{"start":{"line":12,"column":18},"end":{"line":12,"column":20}},"9":{"start":{"line":13,"column":18},"end":{"line":13,"column":39}},"10":{"start":{"line":13,"column":55},"end":{"line":13,"column":83}},"11":{"start":{"line":13,"column":94},"end":{"line":13,"column":117}},"12":{"start":{"line":16,"column":0},"end":{"line":49,"column":2}},"13":{"start":{"line":24,"column":23},"end":{"line":24,"column":44}},"14":{"start":{"line":26,"column":8},"end":{"line":26,"column":84}},"15":{"start":{"line":26,"column":30},"end":{"line":26,"column":84}},"16":{"start":{"line":28,"column":8},"end":{"line":47,"column":9}},"17":{"start":{"line":29,"column":46},"end":{"line":29,"column":54}},"18":{"start":{"line":30,"column":23},"end":{"line":30,"column":59}},"19":{"start":{"line":32,"column":12},"end":{"line":32,"column":86}},"20":{"start":{"line":32,"column":21},"end":{"line":32,"column":86}},"21":{"start":{"line":34,"column":28},"end":{"line":34,"column":63}},"22":{"start":{"line":35,"column":25},"end":{"line":35,"column":49}},"23":{"start":{"line":36,"column":29},"end":{"line":39,"column":13}},"24":{"start":{"line":41,"column":12},"end":{"line":41,"column":65}},"25":{"start":{"line":42,"column":12},"end":{"line":42,"column":33}},"26":{"start":{"line":44,"column":12},"end":{"line":44,"column":43}},"27":{"start":{"line":46,"column":12},"end":{"line":46,"column":49}},"28":{"start":{"line":52,"column":0},"end":{"line":101,"column":2}},"29":{"start":{"line":59,"column":23},"end":{"line":59,"column":44}},"30":{"start":{"line":61,"column":8},"end":{"line":61,"column":87}},"31":{"start":{"line":61,"column":31},"end":{"line":61,"column":87}},"32":{"start":{"line":63,"column":8},"end":{"line":99,"column":9}},"33":{"start":{"line":64,"column":40},"end":{"line":64,"column":48}},"34":{"start":{"line":65,"column":23},"end":{"line":65,"column":59}},"35":{"start":{"line":67,"column":12},"end":{"line":67,"column":91}},"36":{"start":{"line":67,"column":23},"end":{"line":67,"column":91}},"37":{"start":{"line":69,"column":28},"end":{"line":69,"column":73}},"38":{"start":{"line":71,"column":12},"end":{"line":96,"column":13}},"39":{"start":{"line":72,"column":32},"end":{"line":72,"column":64}},"40":{"start":{"line":73,"column":38},"end":{"line":77,"column":17}},"41":{"start":{"line":79,"column":30},"end":{"line":79,"column":104}},"42":{"start":{"line":81,"column":33},"end":{"line":84,"column":17}},"43":{"start":{"line":86,"column":16},"end":{"line":90,"column":18}},"44":{"start":{"line":92,"column":16},"end":{"line":92,"column":61}},"45":{"start":{"line":93,"column":16},"end":{"line":93,"column":47}},"46":{"start":{"line":95,"column":16},"end":{"line":95,"column":87}},"47":{"start":{"line":98,"column":12},"end":{"line":98,"column":56}},"48":{"start":{"line":104,"column":0},"end":{"line":134,"column":2}},"49":{"start":{"line":106,"column":25},"end":{"line":106,"column":54}},"50":{"start":{"line":108,"column":4},"end":{"line":132,"column":5}},"51":{"start":{"line":109,"column":24},"end":{"line":112,"column":9}},"52":{"start":{"line":113,"column":30},"end":{"line":117,"column":9}},"53":{"start":{"line":119,"column":22},"end":{"line":119,"column":94}},"54":{"start":{"line":121,"column":25},"end":{"line":124,"column":9}},"55":{"start":{"line":126,"column":8},"end":{"line":126,"column":49}},"56":{"start":{"line":128,"column":8},"end":{"line":128,"column":53}},"57":{"start":{"line":129,"column":8},"end":{"line":129,"column":39}},"58":{"start":{"line":131,"column":8},"end":{"line":131,"column":48}},"59":{"start":{"line":137,"column":0},"end":{"line":143,"column":3}},"60":{"start":{"line":138,"column":18},"end":{"line":138,"column":47}},"61":{"start":{"line":139,"column":4},"end":{"line":139,"column":52}},"62":{"start":{"line":139,"column":28},"end":{"line":139,"column":52}},"63":{"start":{"line":140,"column":4},"end":{"line":140,"column":22}},"64":{"start":{"line":141,"column":4},"end":{"line":141,"column":32}},"65":{"start":{"line":145,"column":0},"end":{"line":145,"column":24}}},"fnMap":{"0":{"name":"(anonymous_0)","decl":{"start":{"line":22,"column":4},"end":{"line":22,"column":5}},"loc":{"start":{"line":22,"column":24},"end":{"line":49,"column":1}},"line":22},"1":{"name":"(anonymous_1)","decl":{"start":{"line":57,"column":4},"end":{"line":57,"column":5}},"loc":{"start":{"line":57,"column":24},"end":{"line":101,"column":1}},"line":57},"2":{"name":"(anonymous_2)","decl":{"start":{"line":104,"column":29},"end":{"line":104,"column":30}},"loc":{"start":{"line":104,"column":43},"end":{"line":134,"column":1}},"line":104},"3":{"name":"(anonymous_3)","decl":{"start":{"line":137,"column":28},"end":{"line":137,"column":29}},"loc":{"start":{"line":137,"column":48},"end":{"line":143,"column":1}},"line":137}},"branchMap":{"0":{"loc":{"start":{"line":26,"column":8},"end":{"line":26,"column":84}},"type":"if","locations":[{"start":{"line":26,"column":8},"end":{"line":26,"column":84}},{"start":{"line":26,"column":8},"end":{"line":26,"column":84}}],"line":26},"1":{"loc":{"start":{"line":32,"column":12},"end":{"line":32,"column":86}},"type":"if","locations":[{"start":{"line":32,"column":12},"end":{"line":32,"column":86}},{"start":{"line":32,"column":12},"end":{"line":32,"column":86}}],"line":32},"2":{"loc":{"start":{"line":61,"column":8},"end":{"line":61,"column":87}},"type":"if","locations":[{"start":{"line":61,"column":8},"end":{"line":61,"column":87}},{"start":{"line":61,"column":8},"end":{"line":61,"column":87}}],"line":61},"3":{"loc":{"start":{"line":67,"column":12},"end":{"line":67,"column":91}},"type":"if","locations":[{"start":{"line":67,"column":12},"end":{"line":67,"column":91}},{"start":{"line":67,"column":12},"end":{"line":67,"column":91}}],"line":67},"4":{"loc":{"start":{"line":71,"column":12},"end":{"line":96,"column":13}},"type":"if","locations":[{"start":{"line":71,"column":12},"end":{"line":96,"column":13}},{"start":{"line":71,"column":12},"end":{"line":96,"column":13}}],"line":71},"5":{"loc":{"start":{"line":108,"column":4},"end":{"line":132,"column":5}},"type":"if","locations":[{"start":{"line":108,"column":4},"end":{"line":132,"column":5}},{"start":{"line":108,"column":4},"end":{"line":132,"column":5}}],"line":108},"6":{"loc":{"start":{"line":108,"column":8},"end":{"line":108,"column":51}},"type":"binary-expr","locations":[{"start":{"line":108,"column":8},"end":{"line":108,"column":20}},{"start":{"line":108,"column":25},"end":{"line":108,"column":50}}],"line":108},"7":{"loc":{"start":{"line":139,"column":4},"end":{"line":139,"column":52}},"type":"if","locations":[{"start":{"line":139,"column":4},"end":{"line":139,"column":52}},{"start":{"line":139,"column":4},"end":{"line":139,"column":52}}],"line":139}},"s":{"0":1,"1":1,"2":1,"3":1,"4":1,"5":1,"6":1,"7":1,"8":1,"9":1,"10":1,"11":1,"12":1,"13":1,"14":1,"15":0,"16":1,"17":1,"18":1,"19":1,"20":0,"21":1,"22":1,"23":1,"24":1,"25":1,"26":1,"27":0,"28":1,"29":1,"30":1,"31":0,"32":1,"33":1,"34":1,"35":1,"36":0,"37":1,"38":1,"39":1,"40":1,"41":1,"42":1,"43":1,"44":1,"45":1,"46":0,"47":0,"48":1,"49":1,"50":1,"51":1,"52":1,"53":1,"54":1,"55":1,"56":1,"57":1,"58":0,"59":1,"60":1,"61":1,"62":0,"63":1,"64":1,"65":1},"f":{"0":1,"1":1,"2":1,"3":1},"b":{"0":[0,1],"1":[0,1],"2":[0,1],"3":[0,1],"4":[1,0],"5":[1,0],"6":[1,1],"7":[0,1]},"_coverageSchema":"1a1c01bbd47fc00a2c39e90264f33305004495a9","hash":"81a44c6fd32a34c9d6cab29feed144c6e05bc930"}
,"C:\\Users\\Admin\\Documents\\GitHub\\icuc-law-backend\\routes\\api\\clients.js": {"path":"C:\\Users\\Admin\\Documents\\GitHub\\icuc-law-backend\\routes\\api\\clients.js","statementMap":{"0":{"start":{"line":1,"column":18},"end":{"line":1,"column":36}},"1":{"start":{"line":2,"column":18},"end":{"line":2,"column":34}},"2":{"start":{"line":3,"column":18},"end":{"line":3,"column":37}},"3":{"start":{"line":4,"column":18},"end":{"line":4,"column":41}},"4":{"start":{"line":6,"column":36},"end":{"line":6,"column":64}},"5":{"start":{"line":8,"column":16},"end":{"line":8,"column":50}},"6":{"start":{"line":9,"column":19},"end":{"line":9,"column":56}},"7":{"start":{"line":12,"column":0},"end":{"line":20,"column":3}},"8":{"start":{"line":13,"column":4},"end":{"line":19,"column":5}},"9":{"start":{"line":14,"column":24},"end":{"line":14,"column":63}},"10":{"start":{"line":16,"column":8},"end":{"line":16,"column":45}},"11":{"start":{"line":18,"column":8},"end":{"line":18,"column":52}},"12":{"start":{"line":23,"column":0},"end":{"line":34,"column":3}},"13":{"start":{"line":24,"column":4},"end":{"line":33,"column":5}},"14":{"start":{"line":25,"column":23},"end":{"line":25,"column":60}},"15":{"start":{"line":27,"column":8},"end":{"line":27,"column":76}},"16":{"start":{"line":27,"column":20},"end":{"line":27,"column":76}},"17":{"start":{"line":29,"column":8},"end":{"line":29,"column":44}},"18":{"start":{"line":31,"column":8},"end":{"line":31,"column":86}},"19":{"start":{"line":31,"column":36},"end":{"line":31,"column":86}},"20":{"start":{"line":32,"column":8},"end":{"line":32,"column":52}},"21":{"start":{"line":37,"column":0},"end":{"line":66,"column":3}},"22":{"start":{"line":47,"column":23},"end":{"line":47,"column":44}},"23":{"start":{"line":48,"column":8},"end":{"line":48,"column":86}},"24":{"start":{"line":48,"column":30},"end":{"line":48,"column":86}},"25":{"start":{"line":50,"column":8},"end":{"line":65,"column":9}},"26":{"start":{"line":51,"column":25},"end":{"line":51,"column":77}},"27":{"start":{"line":52,"column":30},"end":{"line":59,"column":14}},"28":{"start":{"line":61,"column":27},"end":{"line":61,"column":49}},"29":{"start":{"line":62,"column":12},"end":{"line":62,"column":48}},"30":{"start":{"line":64,"column":12},"end":{"line":64,"column":56}},"31":{"start":{"line":69,"column":0},"end":{"line":101,"column":3}},"32":{"start":{"line":79,"column":23},"end":{"line":79,"column":44}},"33":{"start":{"line":80,"column":8},"end":{"line":80,"column":86}},"34":{"start":{"line":80,"column":30},"end":{"line":80,"column":86}},"35":{"start":{"line":82,"column":8},"end":{"line":100,"column":9}},"36":{"start":{"line":84,"column":25},"end":{"line":93,"column":19}},"37":{"start":{"line":95,"column":12},"end":{"line":95,"column":74}},"38":{"start":{"line":95,"column":24},"end":{"line":95,"column":74}},"39":{"start":{"line":97,"column":12},"end":{"line":97,"column":48}},"40":{"start":{"line":99,"column":12},"end":{"line":99,"column":56}},"41":{"start":{"line":104,"column":0},"end":{"line":127,"column":3}},"42":{"start":{"line":109,"column":23},"end":{"line":109,"column":44}},"43":{"start":{"line":111,"column":8},"end":{"line":111,"column":86}},"44":{"start":{"line":111,"column":30},"end":{"line":111,"column":86}},"45":{"start":{"line":113,"column":8},"end":{"line":126,"column":9}},"46":{"start":{"line":114,"column":25},"end":{"line":114,"column":77}},"47":{"start":{"line":115,"column":27},"end":{"line":115,"column":64}},"48":{"start":{"line":116,"column":28},"end":{"line":119,"column":13}},"49":{"start":{"line":121,"column":12},"end":{"line":121,"column":42}},"50":{"start":{"line":122,"column":12},"end":{"line":122,"column":32}},"51":{"start":{"line":123,"column":12},"end":{"line":123,"column":54}},"52":{"start":{"line":125,"column":12},"end":{"line":125,"column":56}},"53":{"start":{"line":130,"column":0},"end":{"line":144,"column":3}},"54":{"start":{"line":131,"column":4},"end":{"line":143,"column":5}},"55":{"start":{"line":132,"column":23},"end":{"line":132,"column":60}},"56":{"start":{"line":134,"column":8},"end":{"line":134,"column":76}},"57":{"start":{"line":134,"column":20},"end":{"line":134,"column":76}},"58":{"start":{"line":135,"column":8},"end":{"line":135,"column":111}},"59":{"start":{"line":135,"column":54},"end":{"line":135,"column":111}},"60":{"start":{"line":137,"column":8},"end":{"line":137,"column":30}},"61":{"start":{"line":138,"column":8},"end":{"line":138,"column":55}},"62":{"start":{"line":140,"column":8},"end":{"line":140,"column":32}},"63":{"start":{"line":141,"column":8},"end":{"line":141,"column":90}},"64":{"start":{"line":141,"column":36},"end":{"line":141,"column":90}},"65":{"start":{"line":142,"column":8},"end":{"line":142,"column":52}},"66":{"start":{"line":146,"column":0},"end":{"line":146,"column":24}}},"fnMap":{"0":{"name":"(anonymous_0)","decl":{"start":{"line":12,"column":66},"end":{"line":12,"column":67}},"loc":{"start":{"line":12,"column":86},"end":{"line":20,"column":1}},"line":12},"1":{"name":"(anonymous_1)","decl":{"start":{"line":23,"column":69},"end":{"line":23,"column":70}},"loc":{"start":{"line":23,"column":89},"end":{"line":34,"column":1}},"line":23},"2":{"name":"(anonymous_2)","decl":{"start":{"line":46,"column":4},"end":{"line":46,"column":5}},"loc":{"start":{"line":46,"column":24},"end":{"line":66,"column":1}},"line":46},"3":{"name":"(anonymous_3)","decl":{"start":{"line":78,"column":4},"end":{"line":78,"column":5}},"loc":{"start":{"line":78,"column":24},"end":{"line":101,"column":1}},"line":78},"4":{"name":"(anonymous_4)","decl":{"start":{"line":108,"column":4},"end":{"line":108,"column":5}},"loc":{"start":{"line":108,"column":24},"end":{"line":127,"column":1}},"line":108},"5":{"name":"(anonymous_5)","decl":{"start":{"line":130,"column":72},"end":{"line":130,"column":73}},"loc":{"start":{"line":130,"column":92},"end":{"line":144,"column":1}},"line":130}},"branchMap":{"0":{"loc":{"start":{"line":27,"column":8},"end":{"line":27,"column":76}},"type":"if","locations":[{"start":{"line":27,"column":8},"end":{"line":27,"column":76}},{"start":{"line":27,"column":8},"end":{"line":27,"column":76}}],"line":27},"1":{"loc":{"start":{"line":31,"column":8},"end":{"line":31,"column":86}},"type":"if","locations":[{"start":{"line":31,"column":8},"end":{"line":31,"column":86}},{"start":{"line":31,"column":8},"end":{"line":31,"column":86}}],"line":31},"2":{"loc":{"start":{"line":48,"column":8},"end":{"line":48,"column":86}},"type":"if","locations":[{"start":{"line":48,"column":8},"end":{"line":48,"column":86}},{"start":{"line":48,"column":8},"end":{"line":48,"column":86}}],"line":48},"3":{"loc":{"start":{"line":80,"column":8},"end":{"line":80,"column":86}},"type":"if","locations":[{"start":{"line":80,"column":8},"end":{"line":80,"column":86}},{"start":{"line":80,"column":8},"end":{"line":80,"column":86}}],"line":80},"4":{"loc":{"start":{"line":95,"column":12},"end":{"line":95,"column":74}},"type":"if","locations":[{"start":{"line":95,"column":12},"end":{"line":95,"column":74}},{"start":{"line":95,"column":12},"end":{"line":95,"column":74}}],"line":95},"5":{"loc":{"start":{"line":111,"column":8},"end":{"line":111,"column":86}},"type":"if","locations":[{"start":{"line":111,"column":8},"end":{"line":111,"column":86}},{"start":{"line":111,"column":8},"end":{"line":111,"column":86}}],"line":111},"6":{"loc":{"start":{"line":134,"column":8},"end":{"line":134,"column":76}},"type":"if","locations":[{"start":{"line":134,"column":8},"end":{"line":134,"column":76}},{"start":{"line":134,"column":8},"end":{"line":134,"column":76}}],"line":134},"7":{"loc":{"start":{"line":135,"column":8},"end":{"line":135,"column":111}},"type":"if","locations":[{"start":{"line":135,"column":8},"end":{"line":135,"column":111}},{"start":{"line":135,"column":8},"end":{"line":135,"column":111}}],"line":135},"8":{"loc":{"start":{"line":141,"column":8},"end":{"line":141,"column":90}},"type":"if","locations":[{"start":{"line":141,"column":8},"end":{"line":141,"column":90}},{"start":{"line":141,"column":8},"end":{"line":141,"column":90}}],"line":141}},"s":{"0":1,"1":1,"2":1,"3":1,"4":1,"5":1,"6":1,"7":1,"8":1,"9":1,"10":1,"11":0,"12":1,"13":1,"14":1,"15":1,"16":0,"17":1,"18":0,"19":0,"20":0,"21":1,"22":1,"23":1,"24":0,"25":1,"26":1,"27":1,"28":1,"29":1,"30":0,"31":1,"32":1,"33":1,"34":0,"35":1,"36":1,"37":1,"38":0,"39":1,"40":0,"41":1,"42":1,"43":1,"44":0,"45":1,"46":1,"47":1,"48":1,"49":1,"50":1,"51":1,"52":0,"53":1,"54":1,"55":1,"56":1,"57":0,"58":1,"59":0,"60":1,"61":1,"62":0,"63":0,"64":0,"65":0,"66":1},"f":{"0":1,"1":1,"2":1,"3":1,"4":1,"5":1},"b":{"0":[0,1],"1":[0,0],"2":[0,1],"3":[0,1],"4":[0,1],"5":[0,1],"6":[0,1],"7":[0,1],"8":[0,0]},"_coverageSchema":"1a1c01bbd47fc00a2c39e90264f33305004495a9","hash":"3a38ba98a789056d7c4ad85f7063af685188271b"}
,"C:\\Users\\Admin\\Documents\\GitHub\\icuc-law-backend\\utils\\db.js": {"path":"C:\\Users\\Admin\\Documents\\GitHub\\icuc-law-backend\\utils\\db.js","statementMap":{"0":{"start":{"line":1,"column":17},"end":{"line":1,"column":36}},"1":{"start":{"line":2,"column":6},"end":{"line":2,"column":35}},"2":{"start":{"line":4,"column":18},"end":{"line":4,"column":48}},"3":{"start":{"line":5,"column":18},"end":{"line":5,"column":41}},"4":{"start":{"line":7,"column":11},"end":{"line":7,"column":31}},"5":{"start":{"line":9,"column":21},"end":{"line":23,"column":1}},"6":{"start":{"line":10,"column":4},"end":{"line":22,"column":5}},"7":{"start":{"line":11,"column":8},"end":{"line":18,"column":11}},"8":{"start":{"line":12,"column":12},"end":{"line":17,"column":15}},"9":{"start":{"line":20,"column":8},"end":{"line":20,"column":35}},"10":{"start":{"line":21,"column":8},"end":{"line":21,"column":24}},"11":{"start":{"line":25,"column":18},"end":{"line":37,"column":1}},"12":{"start":{"line":26,"column":4},"end":{"line":36,"column":5}},"13":{"start":{"line":27,"column":8},"end":{"line":32,"column":11}},"14":{"start":{"line":34,"column":8},"end":{"line":34,"column":35}},"15":{"start":{"line":35,"column":8},"end":{"line":35,"column":24}},"16":{"start":{"line":39,"column":21},"end":{"line":49,"column":1}},"17":{"start":{"line":40,"column":4},"end":{"line":48,"column":5}},"18":{"start":{"line":41,"column":8},"end":{"line":44,"column":9}},"19":{"start":{"line":42,"column":12},"end":{"line":42,"column":43}},"20":{"start":{"line":43,"column":12},"end":{"line":43,"column":40}},"21":{"start":{"line":46,"column":8},"end":{"line":46,"column":35}},"22":{"start":{"line":47,"column":8},"end":{"line":47,"column":24}},"23":{"start":{"line":51,"column":0},"end":{"line":51,"column":59}}},"fnMap":{"0":{"name":"(anonymous_0)","decl":{"start":{"line":9,"column":21},"end":{"line":9,"column":22}},"loc":{"start":{"line":9,"column":33},"end":{"line":23,"column":1}},"line":9},"1":{"name":"(anonymous_1)","decl":{"start":{"line":11,"column":40},"end":{"line":11,"column":41}},"loc":{"start":{"line":11,"column":51},"end":{"line":18,"column":9}},"line":11},"2":{"name":"(anonymous_2)","decl":{"start":{"line":25,"column":18},"end":{"line":25,"column":19}},"loc":{"start":{"line":25,"column":30},"end":{"line":37,"column":1}},"line":25},"3":{"name":"(anonymous_3)","decl":{"start":{"line":39,"column":21},"end":{"line":39,"column":22}},"loc":{"start":{"line":39,"column":33},"end":{"line":49,"column":1}},"line":39}},"branchMap":{"0":{"loc":{"start":{"line":41,"column":8},"end":{"line":44,"column":9}},"type":"if","locations":[{"start":{"line":41,"column":8},"end":{"line":44,"column":9}},{"start":{"line":41,"column":8},"end":{"line":44,"column":9}}],"line":41}},"s":{"0":1,"1":1,"2":1,"3":1,"4":1,"5":1,"6":1,"7":1,"8":0,"9":0,"10":0,"11":1,"12":1,"13":1,"14":0,"15":0,"16":1,"17":1,"18":1,"19":1,"20":1,"21":0,"22":0,"23":1},"f":{"0":1,"1":0,"2":1,"3":1},"b":{"0":[1,0]},"_coverageSchema":"1a1c01bbd47fc00a2c39e90264f33305004495a9","hash":"b9bdb2bd5ab085c480dc8954054edcfbe520ea1f"}
,"C:\\Users\\Admin\\Documents\\GitHub\\icuc-law-backend\\utils\\jwt-middleware.js": {"path":"C:\\Users\\Admin\\Documents\\GitHub\\icuc-law-backend\\utils\\jwt-middleware.js","statementMap":{"0":{"start":{"line":1,"column":22},"end":{"line":1,"column":41}},"1":{"start":{"line":2,"column":22},"end":{"line":2,"column":39}},"2":{"start":{"line":3,"column":22},"end":{"line":3,"column":41}},"3":{"start":{"line":4,"column":22},"end":{"line":4,"column":54}},"4":{"start":{"line":5,"column":22},"end":{"line":5,"column":56}},"5":{"start":{"line":7,"column":22},"end":{"line":7,"column":39}},"6":{"start":{"line":8,"column":22},"end":{"line":8,"column":53}},"7":{"start":{"line":10,"column":14},"end":{"line":10,"column":16}},"8":{"start":{"line":11,"column":0},"end":{"line":11,"column":88}},"9":{"start":{"line":11,"column":34},"end":{"line":11,"column":87}},"10":{"start":{"line":12,"column":0},"end":{"line":12,"column":46}},"11":{"start":{"line":14,"column":0},"end":{"line":26,"column":4}},"12":{"start":{"line":15,"column":4},"end":{"line":25,"column":5}},"13":{"start":{"line":16,"column":19},"end":{"line":16,"column":87}},"14":{"start":{"line":18,"column":8},"end":{"line":18,"column":43}},"15":{"start":{"line":18,"column":18},"end":{"line":18,"column":43}},"16":{"start":{"line":20,"column":8},"end":{"line":20,"column":72}},"17":{"start":{"line":20,"column":44},"end":{"line":20,"column":72}},"18":{"start":{"line":22,"column":8},"end":{"line":22,"column":38}},"19":{"start":{"line":24,"column":8},"end":{"line":24,"column":33}}},"fnMap":{"0":{"name":"(anonymous_0)","decl":{"start":{"line":11,"column":25},"end":{"line":11,"column":26}},"loc":{"start":{"line":11,"column":34},"end":{"line":11,"column":87}},"line":11},"1":{"name":"(anonymous_1)","decl":{"start":{"line":14,"column":38},"end":{"line":14,"column":39}},"loc":{"start":{"line":14,"column":66},"end":{"line":26,"column":1}},"line":14}},"branchMap":{"0":{"loc":{"start":{"line":11,"column":34},"end":{"line":11,"column":87}},"type":"binary-expr","locations":[{"start":{"line":11,"column":34},"end":{"line":11,"column":63}},{"start":{"line":11,"column":67},"end":{"line":11,"column":87}}],"line":11},"1":{"loc":{"start":{"line":16,"column":39},"end":{"line":16,"column":86}},"type":"cond-expr","locations":[{"start":{"line":16,"column":56},"end":{"line":16,"column":70}},{"start":{"line":16,"column":73},"end":{"line":16,"column":86}}],"line":16},"2":{"loc":{"start":{"line":18,"column":8},"end":{"line":18,"column":43}},"type":"if","locations":[{"start":{"line":18,"column":8},"end":{"line":18,"column":43}},{"start":{"line":18,"column":8},"end":{"line":18,"column":43}}],"line":18},"3":{"loc":{"start":{"line":20,"column":8},"end":{"line":20,"column":72}},"type":"if","locations":[{"start":{"line":20,"column":8},"end":{"line":20,"column":72}},{"start":{"line":20,"column":8},"end":{"line":20,"column":72}}],"line":20}},"s":{"0":1,"1":1,"2":1,"3":1,"4":1,"5":1,"6":1,"7":1,"8":1,"9":6,"10":1,"11":1,"12":6,"13":6,"14":6,"15":0,"16":6,"17":0,"18":6,"19":0},"f":{"0":6,"1":6},"b":{"0":[6,0],"1":[6,0],"2":[0,6],"3":[0,6]},"_coverageSchema":"1a1c01bbd47fc00a2c39e90264f33305004495a9","hash":"f5db7d747166d44f247db21969bcc7274fd922a5"}
}
