TN:
SF:app.js
FN:35,(anonymous_0)
FNF:1
FNH:0
FNDA:0,(anonymous_0)
DA:3,1
DA:4,1
DA:5,1
DA:6,1
DA:7,1
DA:8,1
DA:10,1
DA:11,1
DA:14,1
DA:16,1
DA:18,1
DA:20,1
DA:22,1
DA:24,1
DA:25,1
DA:26,1
DA:28,1
DA:31,1
DA:32,1
DA:35,1
DA:36,0
DA:39,1
LF:22
LH:21
BRF:0
BRH:0
end_of_record
TN:
SF:models\auth-model.js
FNF:0
FNH:0
DA:1,1
DA:2,1
DA:4,1
DA:19,1
LF:4
LH:4
BRF:0
BRH:0
end_of_record
TN:
SF:models\clients-model.js
FNF:0
FNH:0
DA:1,1
DA:2,1
DA:4,1
DA:50,1
LF:4
LH:4
BRF:0
BRH:0
end_of_record
TN:
SF:routes\api\auth.js
FN:22,(anonymous_0)
FN:57,(anonymous_1)
FN:100,(anonymous_2)
FN:134,(anonymous_3)
FNF:4
FNH:4
FNDA:1,(anonymous_0)
FNDA:1,(anonymous_1)
FNDA:1,(anonymous_2)
FNDA:1,(anonymous_3)
DA:1,1
DA:2,1
DA:3,1
DA:4,1
DA:5,1
DA:6,1
DA:8,1
DA:10,1
DA:12,1
DA:13,1
DA:16,1
DA:24,1
DA:26,1
DA:28,1
DA:29,1
DA:30,1
DA:32,1
DA:34,1
DA:35,1
DA:36,1
DA:41,1
DA:42,1
DA:44,1
DA:46,0
DA:47,0
DA:52,1
DA:59,1
DA:61,1
DA:63,1
DA:64,1
DA:65,1
DA:66,1
DA:68,1
DA:69,1
DA:71,1
DA:72,1
DA:78,1
DA:80,1
DA:85,1
DA:91,1
DA:92,1
DA:94,0
DA:95,0
DA:100,1
DA:101,1
DA:102,1
DA:104,1
DA:106,1
DA:110,1
DA:116,1
DA:118,1
DA:123,1
DA:125,1
DA:126,1
DA:128,0
DA:129,0
DA:134,1
DA:135,1
DA:136,1
DA:137,1
DA:138,1
DA:139,1
DA:141,0
DA:142,0
DA:146,1
LF:65
LH:57
BRDA:26,0,0,0
BRDA:26,0,1,1
BRDA:32,1,0,0
BRDA:32,1,1,1
BRDA:61,2,0,0
BRDA:61,2,1,1
BRDA:68,3,0,0
BRDA:68,3,1,1
BRDA:69,4,0,0
BRDA:69,4,1,1
BRDA:104,5,0,0
BRDA:104,5,1,1
BRDA:104,6,0,1
BRDA:104,6,1,1
BRDA:137,7,0,1
BRDA:137,7,1,0
BRF:16
BRH:9
end_of_record
TN:
SF:routes\api\clients.js
FN:12,(anonymous_0)
FN:24,(anonymous_1)
FN:48,(anonymous_2)
FN:82,(anonymous_3)
FN:114,(anonymous_4)
FN:137,(anonymous_5)
FNF:6
FNH:6
FNDA:1,(anonymous_0)
FNDA:1,(anonymous_1)
FNDA:1,(anonymous_2)
FNDA:1,(anonymous_3)
FNDA:1,(anonymous_4)
FNDA:1,(anonymous_5)
DA:1,1
DA:2,1
DA:3,1
DA:4,1
DA:6,1
DA:8,1
DA:9,1
DA:12,1
DA:13,1
DA:14,1
DA:16,1
DA:18,0
DA:19,0
DA:24,1
DA:25,1
DA:26,1
DA:28,1
DA:30,1
DA:32,0
DA:33,0
DA:34,0
DA:39,1
DA:49,1
DA:50,1
DA:52,1
DA:53,1
DA:54,1
DA:63,1
DA:64,1
DA:66,0
DA:67,0
DA:73,1
DA:83,1
DA:84,1
DA:86,1
DA:88,1
DA:99,1
DA:101,1
DA:103,0
DA:104,0
DA:110,1
DA:115,1
DA:117,1
DA:119,1
DA:120,1
DA:121,1
DA:122,1
DA:127,1
DA:128,1
DA:129,1
DA:131,0
DA:132,0
DA:137,1
DA:138,1
DA:139,1
DA:141,1
DA:142,1
DA:144,1
DA:145,1
DA:147,0
DA:148,0
DA:149,0
DA:153,1
LF:63
LH:49
BRDA:28,0,0,0
BRDA:28,0,1,1
BRDA:33,1,0,0
BRDA:33,1,1,0
BRDA:50,2,0,0
BRDA:50,2,1,1
BRDA:84,3,0,0
BRDA:84,3,1,1
BRDA:99,4,0,0
BRDA:99,4,1,1
BRDA:117,5,0,0
BRDA:117,5,1,1
BRDA:141,6,0,0
BRDA:141,6,1,1
BRDA:142,7,0,0
BRDA:142,7,1,1
BRDA:148,8,0,0
BRDA:148,8,1,0
BRF:18
BRH:7
end_of_record
TN:
SF:utils\db.js
FN:9,(anonymous_0)
FN:11,(anonymous_1)
FN:25,(anonymous_2)
FN:39,(anonymous_3)
FNF:4
FNH:3
FNDA:1,(anonymous_0)
FNDA:0,(anonymous_1)
FNDA:1,(anonymous_2)
FNDA:1,(anonymous_3)
DA:1,1
DA:2,1
DA:4,1
DA:5,1
DA:7,1
DA:9,1
DA:10,1
DA:11,1
DA:12,0
DA:20,0
DA:21,0
DA:25,1
DA:26,1
DA:27,1
DA:34,0
DA:35,0
DA:39,1
DA:40,1
DA:41,1
DA:42,1
DA:43,1
DA:46,0
DA:47,0
DA:51,1
LF:24
LH:17
BRDA:41,0,0,1
BRDA:41,0,1,0
BRF:2
BRH:1
end_of_record
TN:
SF:utils\jwt-middleware.js
FN:11,(anonymous_0)
FN:14,(anonymous_1)
FNF:2
FNH:2
FNDA:6,(anonymous_0)
FNDA:6,(anonymous_1)
DA:1,1
DA:2,1
DA:3,1
DA:4,1
DA:5,1
DA:7,1
DA:8,1
DA:10,1
DA:11,6
DA:12,1
DA:14,1
DA:15,6
DA:16,6
DA:18,6
DA:20,6
DA:22,6
DA:24,0
LF:17
LH:16
BRDA:11,0,0,6
BRDA:11,0,1,0
BRDA:16,1,0,6
BRDA:16,1,1,0
BRDA:18,2,0,0
BRDA:18,2,1,6
BRDA:20,3,0,0
BRDA:20,3,1,6
BRF:8
BRH:4
end_of_record
