TN:
SF:app.js
FN:33,(anonymous_0)
FNF:1
FNH:0
FNDA:0,(anonymous_0)
DA:1,1
DA:2,1
DA:3,1
DA:4,1
DA:5,1
DA:6,1
DA:8,1
DA:9,1
DA:12,1
DA:14,1
DA:16,1
DA:18,1
DA:20,1
DA:22,1
DA:23,1
DA:24,1
DA:26,1
DA:29,1
DA:30,1
DA:33,1
DA:34,0
DA:37,1
LF:22
LH:21
BRF:0
BRH:0
end_of_record
TN:
SF:models\auth-model.js
FNF:0
FNH:0
DA:1,1
DA:2,1
DA:4,1
DA:19,1
LF:4
LH:4
BRF:0
BRH:0
end_of_record
TN:
SF:models\clients-model.js
FNF:0
FNH:0
DA:1,1
DA:2,1
DA:4,1
DA:50,1
LF:4
LH:4
BRF:0
BRH:0
end_of_record
TN:
SF:utils\db.js
FN:9,(anonymous_0)
FN:11,(anonymous_1)
FN:25,(anonymous_2)
FN:39,(anonymous_3)
FNF:4
FNH:3
FNDA:1,(anonymous_0)
FNDA:0,(anonymous_1)
FNDA:1,(anonymous_2)
FNDA:1,(anonymous_3)
DA:1,1
DA:2,1
DA:4,1
DA:5,1
DA:7,1
DA:9,1
DA:10,1
DA:11,1
DA:12,0
DA:20,0
DA:21,0
DA:25,1
DA:26,1
DA:27,1
DA:34,0
DA:35,0
DA:39,1
DA:40,1
DA:41,1
DA:42,1
DA:43,1
DA:46,0
DA:47,0
DA:51,1
LF:24
LH:17
BRDA:41,0,0,1
BRDA:41,0,1,0
BRF:2
BRH:1
end_of_record
